<?xml version="1.0" encoding="UTF-8"?>
<!-- Generated by org.testng.reporters.JUnitXMLReporter -->
<testsuite hostname="DESKTOP-BD2581E" ignored="0" name="Default test" tests="3" failures="0" timestamp="27 Oct 2020 06:29:20 GMT" time="8.332" errors="0">
  <testcase name="api_for_foreign_Exchange" time="0.829" classname="StepDefinitions.ResponseLogging"/>
  <testcase name="posted_with_correct_Information" time="4.904" classname="StepDefinitions.ResponseLogging"/>
  <testcase name="validate_postive_response_code_received" time="2.564" classname="StepDefinitions.ResponseLogging"/>
</testsuite> <!-- Default test -->
